# JRE version: Java(TM) SE Runtime Environment (8.0_144-b01) (build 1.8.0_144-b01)
# Java VM: Java HotSpot(TM) Client VM (25.144-b01 mixed mode windows-x86 )
Heap:
 def new generation   total 51328K, used 51328K [0x04800000, 0x07fb0000, 0x0f2a0000)
  eden space 45632K, 100% used [0x04800000, 0x07490000, 0x07490000)
  from space 5696K, 100% used [0x07490000, 0x07a20000, 0x07a20000)
  to   space 5696K,  26% used [0x07a20000, 0x07b98878, 0x07fb0000)
 tenured generation   total 113920K, used 97119K [0x0f2a0000, 0x161e0000, 0x24800000)
   the space 113920K,  85% used [0x0f2a0000, 0x15177e38, 0x15178000, 0x161e0000)
 Metaspace       used 26254K, capacity 28628K, committed 28672K, reserved 29056K
GC Heap History (10 events):
Event: 234.828 GC heap after
Heap after GC invocations=102 (full 7):
 def new generation   total 51328K, used 0K [0x04800000, 0x07fb0000, 0x0f2a0000)
  eden space 45632K,   0% used [0x04800000, 0x04800000, 0x07490000)
  from space 5696K,   0% used [0x07490000, 0x07490000, 0x07a20000)
  to   space 5696K,   0% used [0x07a20000, 0x07a20000, 0x07fb0000)
 tenured generation   total 113920K, used 68351K [0x0f2a0000, 0x161e0000, 0x24800000)
   the space 113920K,  59% used [0x0f2a0000, 0x1355ffb8, 0x13560000, 0x161e0000)
 Metaspace       used 26252K, capacity 28623K, committed 28672K, reserved 29056K
}
Event: 236.144 GC heap before
{Heap before GC invocations=102 (full 7):
 def new generation   total 51328K, used 45632K [0x04800000, 0x07fb0000, 0x0f2a0000)
  eden space 45632K, 100% used [0x04800000, 0x07490000, 0x07490000)
  from space 5696K,   0% used [0x07490000, 0x07490000, 0x07a20000)
  to   space 5696K,   0% used [0x07a20000, 0x07a20000, 0x07fb0000)
 tenured generation   total 113920K, used 68351K [0x0f2a0000, 0x161e0000, 0x24800000)
   the space 113920K,  59% used [0x0f2a0000, 0x1355ffb8, 0x13560000, 0x161e0000)
 Metaspace       used 26252K, capacity 28623K, committed 28672K, reserved 29056K
Event: 236.164 GC heap after
Heap after GC invocations=103 (full 7):
 def new generation   total 51328K, used 5695K [0x04800000, 0x07fb0000, 0x0f2a0000)
  eden space 45632K,   0% used [0x04800000, 0x04800000, 0x07490000)
  from space 5696K,  99% used [0x07a20000, 0x07fafff8, 0x07fb0000)
  to   space 5696K,   0% used [0x07490000, 0x07490000, 0x07a20000)
 tenured generation   total 113920K, used 70728K [0x0f2a0000, 0x161e0000, 0x24800000)
   the space 113920K,  62% used [0x0f2a0000, 0x137b2328, 0x137b2400, 0x161e0000)
 Metaspace       used 26252K, capacity 28623K, committed 28672K, reserved 29056K
}
Event: 237.290 GC heap before
{Heap before GC invocations=103 (full 7):
 def new generation   total 51328K, used 51327K [0x04800000, 0x07fb0000, 0x0f2a0000)
  eden space 45632K, 100% used [0x04800000, 0x07490000, 0x07490000)
  from space 5696K,  99% used [0x07a20000, 0x07fafff8, 0x07fb0000)
  to   space 5696K,   0% used [0x07490000, 0x07490000, 0x07a20000)
 tenured generation   total 113920K, used 70728K [0x0f2a0000, 0x161e0000, 0x24800000)
   the space 113920K,  62% used [0x0f2a0000, 0x137b2328, 0x137b2400, 0x161e0000)
 Metaspace       used 26252K, capacity 28623K, committed 28672K, reserved 29056K
Event: 237.311 GC heap after
Heap after GC invocations=104 (full 7):
 def new generation   total 51328K, used 5696K [0x04800000, 0x07fb0000, 0x0f2a0000)
  eden space 45632K,   0% used [0x04800000, 0x04800000, 0x07490000)
  from space 5696K, 100% used [0x07490000, 0x07a20000, 0x07a20000)
  to   space 5696K,   0% used [0x07a20000, 0x07a20000, 0x07fb0000)
 tenured generation   total 113920K, used 78750K [0x0f2a0000, 0x161e0000, 0x24800000)
   the space 113920K,  69% used [0x0f2a0000, 0x13f87a00, 0x13f87a00, 0x161e0000)
 Metaspace       used 26252K, capacity 28623K, committed 28672K, reserved 29056K
}
Event: 239.907 GC heap before
{Heap before GC invocations=104 (full 7):
 def new generation   total 51328K, used 51328K [0x04800000, 0x07fb0000, 0x0f2a0000)
  eden space 45632K, 100% used [0x04800000, 0x07490000, 0x07490000)
  from space 5696K, 100% used [0x07490000, 0x07a20000, 0x07a20000)
  to   space 5696K,   0% used [0x07a20000, 0x07a20000, 0x07fb0000)
 tenured generation   total 113920K, used 78750K [0x0f2a0000, 0x161e0000, 0x24800000)
   the space 113920K,  69% used [0x0f2a0000, 0x13f87a00, 0x13f87a00, 0x161e0000)
 Metaspace       used 26252K, capacity 28623K, committed 28672K, reserved 29056K
Event: 239.942 GC heap after
Heap after GC invocations=105 (full 7):
 def new generation   total 51328K, used 5696K [0x04800000, 0x07fb0000, 0x0f2a0000)
  eden space 45632K,   0% used [0x04800000, 0x04800000, 0x07490000)
  from space 5696K, 100% used [0x07a20000, 0x07fb0000, 0x07fb0000)
  to   space 5696K,   0% used [0x07490000, 0x07490000, 0x07a20000)
 tenured generation   total 113920K, used 84831K [0x0f2a0000, 0x161e0000, 0x24800000)
   the space 113920K,  74% used [0x0f2a0000, 0x14577ff8, 0x14578000, 0x161e0000)
 Metaspace       used 26252K, capacity 28623K, committed 28672K, reserved 29056K
}
Event: 242.191 GC heap before
{Heap before GC invocations=105 (full 7):
 def new generation   total 51328K, used 51328K [0x04800000, 0x07fb0000, 0x0f2a0000)
  eden space 45632K, 100% used [0x04800000, 0x07490000, 0x07490000)
  from space 5696K, 100% used [0x07a20000, 0x07fb0000, 0x07fb0000)
  to   space 5696K,   0% used [0x07490000, 0x07490000, 0x07a20000)
 tenured generation   total 113920K, used 84832K [0x0f2a0000, 0x161e0000, 0x24800000)
   the space 113920K,  74% used [0x0f2a0000, 0x14578008, 0x14578200, 0x161e0000)
 Metaspace       used 26252K, capacity 28623K, committed 28672K, reserved 29056K
Event: 242.231 GC heap after
Heap after GC invocations=106 (full 7):
 def new generation   total 51328K, used 5696K [0x04800000, 0x07fb0000, 0x0f2a0000)
  eden space 45632K,   0% used [0x04800000, 0x04800000, 0x07490000)
  from space 5696K, 100% used [0x07490000, 0x07a20000, 0x07a20000)
  to   space 5696K,   0% used [0x07a20000, 0x07a20000, 0x07fb0000)
 tenured generation   total 113920K, used 97048K [0x0f2a0000, 0x161e0000, 0x24800000)
   the space 113920K,  85% used [0x0f2a0000, 0x15166200, 0x15166200, 0x161e0000)
 Metaspace       used 26252K, capacity 28623K, committed 28672K, reserved 29056K
}
Event: 264.848 GC heap before
{Heap before GC invocations=106 (full 7):
 def new generation   total 51328K, used 51328K [0x04800000, 0x07fb0000, 0x0f2a0000)
  eden space 45632K, 100% used [0x04800000, 0x07490000, 0x07490000)
  from space 5696K, 100% used [0x07490000, 0x07a20000, 0x07a20000)
  to   space 5696K,   0% used [0x07a20000, 0x07a20000, 0x07fb0000)
 tenured generation   total 113920K, used 97048K [0x0f2a0000, 0x161e0000, 0x24800000)
   the space 113920K,  85% used [0x0f2a0000, 0x15166200, 0x15166200, 0x161e0000)
 Metaspace       used 26254K, capacity 28628K, committed 28672K, reserved 29056K

